<?xml version="1.0" encoding="UTF-8"?>
<!-- Generated by org.testng.reporters.JUnitReportReporter -->
<testsuite hostname="macbook.local" failures="0" tests="2" name="AppiumTest" time="0.008" errors="0" timestamp="2022-04-13T16:08:28 EDT" skipped="0">
  <testcase classname="AppiumTest" name="nativeAppIOS" time="0.001"/>
  <system-out/>
  <testcase classname="AppiumTest" name="nativeAppAndroid" time="0.007"/>
  <system-out/>
</testsuite> <!-- AppiumTest -->
