<?xml version="1.0" encoding="UTF-8"?>
<!-- Generated by org.testng.reporters.JUnitReportReporter -->
<testsuite hostname="macbook.local" failures="0" tests="2" name="SeleniumTest" time="0.002" errors="0" timestamp="2022-04-13T16:08:28 EDT" skipped="0">
  <testcase classname="SeleniumTest" name="elementsUI" time="0.001"/>
  <system-out/>
  <testcase classname="SeleniumTest" name="browserAutomation" time="0.001"/>
  <system-out/>
</testsuite> <!-- SeleniumTest -->
